<?xml version="1.0" encoding="UTF-8"?>
<testsuite name="Academy Choucair" tests="1" skipped="0" failures="1" errors="0" timestamp="2022-04-03T22:44:46" hostname="Kimberly" time="34.556">
  <properties/>
  <testcase name="User register" classname="Academy Choucair" time="34.556">
    <failure message="java.lang.AssertionError: no such element: Unable to locate element: {&quot;method&quot;:&quot;xpath&quot;,&quot;selector&quot;:&quot;/html/body/section/div[1]/div/div[2]/h4[1]&quot;}&#10;  (Session info: chrome=100.0.4896.60)&#10;For documentation on this error, please visit: https://www.seleniumhq.org/exceptions/no_such_element.html&#10;Build info: version: '3.141.59', revision: 'e82be7d358', time: '2018-11-14T08:17:03'&#10;System info: host: 'KIMBERLY', ip: '192.168.0.7', os.name: 'Windows 10', os.arch: 'amd64', os.version: '10.0', java.version: '11.0.4'&#10;Driver info: org.openqa.selenium.chrome.ChromeDriver&#10;Capabilities {acceptInsecureCerts: false, browserName: chrome, browserVersion: 100.0.4896.60, chrome: {chromedriverVersion: 99.0.4844.51 (d537ec02474b5..., userDataDir: C:\Users\kimbe\AppData\Loca...}, goog:chromeOptions: {debuggerAddress: localhost:49395}, javascriptEnabled: true, networkConnectionEnabled: false, pageLoadStrategy: normal, platform: WINDOWS, platformName: WINDOWS, proxy: Proxy(), setWindowRect: true, strictFileInteractability: false, timeouts: {implicit: 0, pageLoad: 300000, script: 30000}, unhandledPromptBehavior: dismiss and notify, webauthn:extension:credBlob: true, webauthn:extension:largeBlob: true, webauthn:virtualAuthenticators: true}&#10;Session ID: c97e7d5f112fa5d241a9be664e80827a&#10;*** Element info: {Using=xpath, value=/html/body/section/div[1]/div/div[2]/h4[1]}" type="java.lang.AssertionError">java.lang.AssertionError: no such element: Unable to locate element: {&quot;method&quot;:&quot;xpath&quot;,&quot;selector&quot;:&quot;/html/body/section/div[1]/div/div[2]/h4[1]&quot;}
  (Session info: chrome=100.0.4896.60)
For documentation on this error, please visit: https://www.seleniumhq.org/exceptions/no_such_element.html
Build info: version: '3.141.59', revision: 'e82be7d358', time: '2018-11-14T08:17:03'
System info: host: 'KIMBERLY', ip: '192.168.0.7', os.name: 'Windows 10', os.arch: 'amd64', os.version: '10.0', java.version: '11.0.4'
Driver info: org.openqa.selenium.chrome.ChromeDriver
Capabilities {acceptInsecureCerts: false, browserName: chrome, browserVersion: 100.0.4896.60, chrome: {chromedriverVersion: 99.0.4844.51 (d537ec02474b5..., userDataDir: C:\Users\kimbe\AppData\Loca...}, goog:chromeOptions: {debuggerAddress: localhost:49395}, javascriptEnabled: true, networkConnectionEnabled: false, pageLoadStrategy: normal, platform: WINDOWS, platformName: WINDOWS, proxy: Proxy(), setWindowRect: true, strictFileInteractability: false, timeouts: {implicit: 0, pageLoad: 300000, script: 30000}, unhandledPromptBehavior: dismiss and notify, webauthn:extension:credBlob: true, webauthn:extension:largeBlob: true, webauthn:virtualAuthenticators: true}
Session ID: c97e7d5f112fa5d241a9be664e80827a
*** Element info: {Using=xpath, value=/html/body/section/div[1]/div/div[2]/h4[1]}
	at net.serenitybdd.screenplay.ErrorTally.throwSummaryExceptionFrom(ErrorTally.java:36)
	at net.serenitybdd.screenplay.ErrorTally.reportAnyErrors(ErrorTally.java:30)
	at net.serenitybdd.screenplay.Actor.should(Actor.java:301)
	at co.com.choucair.certification.proyectoBase.stepdefinitions.ChoucairStepDeficitions.endUserRegistration(ChoucairStepDeficitions.java:42)
	at ✽.End user registration(src/test/resources/features/academyChoucair.feature:13)
</failure>
  </testcase>
  <system-out><![CDATA[]]></system-out>
  <system-err><![CDATA[[Test worker] WARN net.thucydides.core.steps.BaseStepListener - stepStarted: net.thucydides.core.steps.ExecutedStepDescription@13bafe5b
[Test worker] WARN net.thucydides.core.steps.BaseStepListener - stepStarted: net.thucydides.core.steps.ExecutedStepDescription@2182be40
[Test worker] WARN net.thucydides.core.steps.BaseStepListener - stepStarted: net.thucydides.core.steps.ExecutedStepDescription@31e04d6f
Apr 03, 2022 5:44:47 PM org.openqa.selenium.remote.DesiredCapabilities chrome
INFO: Using `new ChromeOptions()` is preferred to `DesiredCapabilities.chrome()`
[Test worker] INFO net.serenitybdd.core.webdriver.driverproviders.ProvideNewDriver - Instantiating driver
[Test worker] INFO net.serenitybdd.core.webdriver.driverproviders.ProvideNewDriver - Driver capabilities: Capabilities {acceptInsecureCerts: false, browserName: chrome, chrome.switches: --start-maximized, goog:chromeOptions: {args: [--start-maximized], extensions: []}, loggingPrefs: org.openqa.selenium.logging..., platform: ANY, version: }
Starting ChromeDriver 99.0.4844.51 (d537ec02474b5afe23684e7963d538896c63ac77-refs/branch-heads/4844@{#875}) on port 31886
Only local connections are allowed.
Please see https://chromedriver.chromium.org/security-considerations for suggestions on keeping ChromeDriver safe.
ChromeDriver was started successfully.
[1649025890.243][WARNING]: This version of ChromeDriver has not been tested with Chrome version 100.
Apr 03, 2022 5:44:50 PM org.openqa.selenium.remote.ProtocolHandshake createSession
INFO: Detected dialect: W3C
[Test worker] WARN net.thucydides.core.steps.BaseStepListener - stepFinished: current outcome:User register:Example: {name=kim, last=garces, address=cra4D#96-12, email=kim@mail, phone=1234567891, languages=Bulgarian, country=Colombia, year=1994, mont=December, day=5, password=1234, password_confim=1234, str_respuestafinal=- Double Click on Edit Icon to EDIT the Table Row.} [Given The user wants to register a new user on the platform [Kim open up [Kim opens the Page initial]]]
[Test worker] WARN net.thucydides.core.steps.BaseStepListener - stepFinished: current outcome:User register:Example: {name=kim, last=garces, address=cra4D#96-12, email=kim@mail, phone=1234567891, languages=Bulgarian, country=Colombia, year=1994, mont=December, day=5, password=1234, password_confim=1234, str_respuestafinal=- Double Click on Edit Icon to EDIT the Table Row.} [Given The user wants to register a new user on the platform [Kim open up [Kim opens the Page initial]]]
[Test worker] WARN net.thucydides.core.steps.BaseStepListener - stepStarted: net.thucydides.core.steps.ExecutedStepDescription@47b39e6c
[Test worker] WARN net.thucydides.core.steps.BaseStepListener - stepStarted: net.thucydides.core.steps.ExecutedStepDescription@16d43a8
[Test worker] WARN net.thucydides.core.steps.BaseStepListener - stepFinished: current outcome:User register:Example: {name=kim, last=garces, address=cra4D#96-12, email=kim@mail, phone=1234567891, languages=Bulgarian, country=Colombia, year=1994, mont=December, day=5, password=1234, password_confim=1234, str_respuestafinal=- Double Click on Edit Icon to EDIT the Table Row.} [Given The user wants to register a new user on the platform [Kim open up [Kim opens the Page initial], Kim open register [Kim clicks on Button register new]]]
[Test worker] WARN net.thucydides.core.steps.BaseStepListener - stepFinished: current outcome:User register:Example: {name=kim, last=garces, address=cra4D#96-12, email=kim@mail, phone=1234567891, languages=Bulgarian, country=Colombia, year=1994, mont=December, day=5, password=1234, password_confim=1234, str_respuestafinal=- Double Click on Edit Icon to EDIT the Table Row.} [Given The user wants to register a new user on the platform [Kim open up [Kim opens the Page initial], Kim open register [Kim clicks on Button register new]]]
[Test worker] WARN net.thucydides.core.steps.BaseStepListener - stepFinished: current outcome:User register:Example: {name=kim, last=garces, address=cra4D#96-12, email=kim@mail, phone=1234567891, languages=Bulgarian, country=Colombia, year=1994, mont=December, day=5, password=1234, password_confim=1234, str_respuestafinal=- Double Click on Edit Icon to EDIT the Table Row.} [Given The user wants to register a new user on the platform [Kim open up [Kim opens the Page initial], Kim open register [Kim clicks on Button register new]]]
[Test worker] WARN net.thucydides.core.steps.BaseStepListener - stepStarted: net.thucydides.core.steps.ExecutedStepDescription@528b09a3
[Test worker] WARN net.thucydides.core.steps.BaseStepListener - stepStarted: net.thucydides.core.steps.ExecutedStepDescription@2478322d
[Test worker] WARN net.thucydides.core.steps.BaseStepListener - stepStarted: net.thucydides.core.steps.ExecutedStepDescription@601fedc7
[Test worker] WARN net.thucydides.core.steps.BaseStepListener - stepFinished: current outcome:User register:Example: {name=kim, last=garces, address=cra4D#96-12, email=kim@mail, phone=1234567891, languages=Bulgarian, country=Colombia, year=1994, mont=December, day=5, password=1234, password_confim=1234, str_respuestafinal=- Double Click on Edit Icon to EDIT the Table Row.} [Given The user wants to register a new user on the platform [Kim open up [Kim opens the Page initial], Kim open register [Kim clicks on Button register new]], When FThe user enters the registration data
| name | last | address | email | phone | languages | country | year | mont | day | password | password_confim |
| kim | garces | cra4D#96-12 | kim@mail | 1234567891 | Bulgarian | Colombia | 1994 | December | 5 | 1234 | 1234 | [Kim registration date [Kim enters 'kim' into name user]]]
[Test worker] WARN net.thucydides.core.steps.BaseStepListener - stepStarted: net.thucydides.core.steps.ExecutedStepDescription@413eb08
[Test worker] WARN net.thucydides.core.steps.BaseStepListener - stepFinished: current outcome:User register:Example: {name=kim, last=garces, address=cra4D#96-12, email=kim@mail, phone=1234567891, languages=Bulgarian, country=Colombia, year=1994, mont=December, day=5, password=1234, password_confim=1234, str_respuestafinal=- Double Click on Edit Icon to EDIT the Table Row.} [Given The user wants to register a new user on the platform [Kim open up [Kim opens the Page initial], Kim open register [Kim clicks on Button register new]], When FThe user enters the registration data
| name | last | address | email | phone | languages | country | year | mont | day | password | password_confim |
| kim | garces | cra4D#96-12 | kim@mail | 1234567891 | Bulgarian | Colombia | 1994 | December | 5 | 1234 | 1234 | [Kim registration date [Kim enters 'kim' into name user, Kim enters 'garces' into name user]]]
[Test worker] WARN net.thucydides.core.steps.BaseStepListener - stepStarted: net.thucydides.core.steps.ExecutedStepDescription@6a5b90ce
[Test worker] WARN net.thucydides.core.steps.BaseStepListener - stepFinished: current outcome:User register:Example: {name=kim, last=garces, address=cra4D#96-12, email=kim@mail, phone=1234567891, languages=Bulgarian, country=Colombia, year=1994, mont=December, day=5, password=1234, password_confim=1234, str_respuestafinal=- Double Click on Edit Icon to EDIT the Table Row.} [Given The user wants to register a new user on the platform [Kim open up [Kim opens the Page initial], Kim open register [Kim clicks on Button register new]], When FThe user enters the registration data
| name | last | address | email | phone | languages | country | year | mont | day | password | password_confim |
| kim | garces | cra4D#96-12 | kim@mail | 1234567891 | Bulgarian | Colombia | 1994 | December | 5 | 1234 | 1234 | [Kim registration date [Kim enters 'kim' into name user, Kim enters 'garces' into name user, Kim enters 'cra4D#96-12' into name user]]]
[Test worker] WARN net.thucydides.core.steps.BaseStepListener - stepStarted: net.thucydides.core.steps.ExecutedStepDescription@50869004
[Test worker] WARN net.thucydides.core.steps.BaseStepListener - stepFinished: current outcome:User register:Example: {name=kim, last=garces, address=cra4D#96-12, email=kim@mail, phone=1234567891, languages=Bulgarian, country=Colombia, year=1994, mont=December, day=5, password=1234, password_confim=1234, str_respuestafinal=- Double Click on Edit Icon to EDIT the Table Row.} [Given The user wants to register a new user on the platform [Kim open up [Kim opens the Page initial], Kim open register [Kim clicks on Button register new]], When FThe user enters the registration data
| name | last | address | email | phone | languages | country | year | mont | day | password | password_confim |
| kim | garces | cra4D#96-12 | kim@mail | 1234567891 | Bulgarian | Colombia | 1994 | December | 5 | 1234 | 1234 | [Kim registration date [Kim enters 'kim' into name user, Kim enters 'garces' into name user, Kim enters 'cra4D#96-12' into name user, Kim enters 'kim@mail' into name user]]]
[Test worker] WARN net.thucydides.core.steps.BaseStepListener - stepStarted: net.thucydides.core.steps.ExecutedStepDescription@5b070022
[Test worker] WARN net.thucydides.core.steps.BaseStepListener - stepFinished: current outcome:User register:Example: {name=kim, last=garces, address=cra4D#96-12, email=kim@mail, phone=1234567891, languages=Bulgarian, country=Colombia, year=1994, mont=December, day=5, password=1234, password_confim=1234, str_respuestafinal=- Double Click on Edit Icon to EDIT the Table Row.} [Given The user wants to register a new user on the platform [Kim open up [Kim opens the Page initial], Kim open register [Kim clicks on Button register new]], When FThe user enters the registration data
| name | last | address | email | phone | languages | country | year | mont | day | password | password_confim |
| kim | garces | cra4D#96-12 | kim@mail | 1234567891 | Bulgarian | Colombia | 1994 | December | 5 | 1234 | 1234 | [Kim registration date [Kim enters 'kim' into name user, Kim enters 'garces' into name user, Kim enters 'cra4D#96-12' into name user, Kim enters 'kim@mail' into name user, Kim enters '1234567891' into name user]]]
[Test worker] WARN net.thucydides.core.steps.BaseStepListener - stepStarted: net.thucydides.core.steps.ExecutedStepDescription@a64e1c5
[Test worker] WARN net.thucydides.core.steps.BaseStepListener - stepFinished: current outcome:User register:Example: {name=kim, last=garces, address=cra4D#96-12, email=kim@mail, phone=1234567891, languages=Bulgarian, country=Colombia, year=1994, mont=December, day=5, password=1234, password_confim=1234, str_respuestafinal=- Double Click on Edit Icon to EDIT the Table Row.} [Given The user wants to register a new user on the platform [Kim open up [Kim opens the Page initial], Kim open register [Kim clicks on Button register new]], When FThe user enters the registration data
| name | last | address | email | phone | languages | country | year | mont | day | password | password_confim |
| kim | garces | cra4D#96-12 | kim@mail | 1234567891 | Bulgarian | Colombia | 1994 | December | 5 | 1234 | 1234 | [Kim registration date [Kim enters 'kim' into name user, Kim enters 'garces' into name user, Kim enters 'cra4D#96-12' into name user, Kim enters 'kim@mail' into name user, Kim enters '1234567891' into name user, Kim clicks on name user]]]
[Test worker] WARN net.thucydides.core.steps.BaseStepListener - stepStarted: net.thucydides.core.steps.ExecutedStepDescription@23507ae5
[Test worker] WARN net.thucydides.core.steps.BaseStepListener - stepFinished: current outcome:User register:Example: {name=kim, last=garces, address=cra4D#96-12, email=kim@mail, phone=1234567891, languages=Bulgarian, country=Colombia, year=1994, mont=December, day=5, password=1234, password_confim=1234, str_respuestafinal=- Double Click on Edit Icon to EDIT the Table Row.} [Given The user wants to register a new user on the platform [Kim open up [Kim opens the Page initial], Kim open register [Kim clicks on Button register new]], When FThe user enters the registration data
| name | last | address | email | phone | languages | country | year | mont | day | password | password_confim |
| kim | garces | cra4D#96-12 | kim@mail | 1234567891 | Bulgarian | Colombia | 1994 | December | 5 | 1234 | 1234 | [Kim registration date [Kim enters 'kim' into name user, Kim enters 'garces' into name user, Kim enters 'cra4D#96-12' into name user, Kim enters 'kim@mail' into name user, Kim enters '1234567891' into name user, Kim clicks on name user, Kim clicks on name user]]]
[Test worker] WARN net.thucydides.core.steps.BaseStepListener - stepStarted: net.thucydides.core.steps.ExecutedStepDescription@73c4eb44
[Test worker] WARN net.thucydides.core.steps.BaseStepListener - stepFinished: current outcome:User register:Example: {name=kim, last=garces, address=cra4D#96-12, email=kim@mail, phone=1234567891, languages=Bulgarian, country=Colombia, year=1994, mont=December, day=5, password=1234, password_confim=1234, str_respuestafinal=- Double Click on Edit Icon to EDIT the Table Row.} [Given The user wants to register a new user on the platform [Kim open up [Kim opens the Page initial], Kim open register [Kim clicks on Button register new]], When FThe user enters the registration data
| name | last | address | email | phone | languages | country | year | mont | day | password | password_confim |
| kim | garces | cra4D#96-12 | kim@mail | 1234567891 | Bulgarian | Colombia | 1994 | December | 5 | 1234 | 1234 | [Kim registration date [Kim enters 'kim' into name user, Kim enters 'garces' into name user, Kim enters 'cra4D#96-12' into name user, Kim enters 'kim@mail' into name user, Kim enters '1234567891' into name user, Kim clicks on name user, Kim clicks on name user, Kim clicks on name user]]]
[Test worker] WARN net.thucydides.core.steps.BaseStepListener - stepStarted: net.thucydides.core.steps.ExecutedStepDescription@5f867074
[Test worker] WARN net.thucydides.core.steps.BaseStepListener - stepFinished: current outcome:User register:Example: {name=kim, last=garces, address=cra4D#96-12, email=kim@mail, phone=1234567891, languages=Bulgarian, country=Colombia, year=1994, mont=December, day=5, password=1234, password_confim=1234, str_respuestafinal=- Double Click on Edit Icon to EDIT the Table Row.} [Given The user wants to register a new user on the platform [Kim open up [Kim opens the Page initial], Kim open register [Kim clicks on Button register new]], When FThe user enters the registration data
| name | last | address | email | phone | languages | country | year | mont | day | password | password_confim |
| kim | garces | cra4D#96-12 | kim@mail | 1234567891 | Bulgarian | Colombia | 1994 | December | 5 | 1234 | 1234 | [Kim registration date [Kim enters 'kim' into name user, Kim enters 'garces' into name user, Kim enters 'cra4D#96-12' into name user, Kim enters 'kim@mail' into name user, Kim enters '1234567891' into name user, Kim clicks on name user, Kim clicks on name user, Kim clicks on name user, Kim clicks on name user]]]
[Test worker] WARN net.thucydides.core.steps.BaseStepListener - stepStarted: net.thucydides.core.steps.ExecutedStepDescription@4e129e99
[Test worker] WARN net.thucydides.core.steps.BaseStepListener - stepFinished: current outcome:User register:Example: {name=kim, last=garces, address=cra4D#96-12, email=kim@mail, phone=1234567891, languages=Bulgarian, country=Colombia, year=1994, mont=December, day=5, password=1234, password_confim=1234, str_respuestafinal=- Double Click on Edit Icon to EDIT the Table Row.} [Given The user wants to register a new user on the platform [Kim open up [Kim opens the Page initial], Kim open register [Kim clicks on Button register new]], When FThe user enters the registration data
| name | last | address | email | phone | languages | country | year | mont | day | password | password_confim |
| kim | garces | cra4D#96-12 | kim@mail | 1234567891 | Bulgarian | Colombia | 1994 | December | 5 | 1234 | 1234 | [Kim registration date [Kim enters 'kim' into name user, Kim enters 'garces' into name user, Kim enters 'cra4D#96-12' into name user, Kim enters 'kim@mail' into name user, Kim enters '1234567891' into name user, Kim clicks on name user, Kim clicks on name user, Kim clicks on name user, Kim clicks on name user, Kim clicks on name user]]]
[Test worker] WARN net.thucydides.core.steps.BaseStepListener - stepStarted: net.thucydides.core.steps.ExecutedStepDescription@1e3038b5
[Test worker] WARN net.thucydides.core.steps.BaseStepListener - stepFinished: current outcome:User register:Example: {name=kim, last=garces, address=cra4D#96-12, email=kim@mail, phone=1234567891, languages=Bulgarian, country=Colombia, year=1994, mont=December, day=5, password=1234, password_confim=1234, str_respuestafinal=- Double Click on Edit Icon to EDIT the Table Row.} [Given The user wants to register a new user on the platform [Kim open up [Kim opens the Page initial], Kim open register [Kim clicks on Button register new]], When FThe user enters the registration data
| name | last | address | email | phone | languages | country | year | mont | day | password | password_confim |
| kim | garces | cra4D#96-12 | kim@mail | 1234567891 | Bulgarian | Colombia | 1994 | December | 5 | 1234 | 1234 | [Kim registration date [Kim enters 'kim' into name user, Kim enters 'garces' into name user, Kim enters 'cra4D#96-12' into name user, Kim enters 'kim@mail' into name user, Kim enters '1234567891' into name user, Kim clicks on name user, Kim clicks on name user, Kim clicks on name user, Kim clicks on name user, Kim clicks on name user, Kim clicks on name user]]]
[Test worker] WARN net.thucydides.core.steps.BaseStepListener - stepStarted: net.thucydides.core.steps.ExecutedStepDescription@4b7ad727
[Test worker] WARN net.thucydides.core.steps.BaseStepListener - stepFinished: current outcome:User register:Example: {name=kim, last=garces, address=cra4D#96-12, email=kim@mail, phone=1234567891, languages=Bulgarian, country=Colombia, year=1994, mont=December, day=5, password=1234, password_confim=1234, str_respuestafinal=- Double Click on Edit Icon to EDIT the Table Row.} [Given The user wants to register a new user on the platform [Kim open up [Kim opens the Page initial], Kim open register [Kim clicks on Button register new]], When FThe user enters the registration data
| name | last | address | email | phone | languages | country | year | mont | day | password | password_confim |
| kim | garces | cra4D#96-12 | kim@mail | 1234567891 | Bulgarian | Colombia | 1994 | December | 5 | 1234 | 1234 | [Kim registration date [Kim enters 'kim' into name user, Kim enters 'garces' into name user, Kim enters 'cra4D#96-12' into name user, Kim enters 'kim@mail' into name user, Kim enters '1234567891' into name user, Kim clicks on name user, Kim clicks on name user, Kim clicks on name user, Kim clicks on name user, Kim clicks on name user, Kim clicks on name user, Kim clicks on name user]]]
[Test worker] WARN net.thucydides.core.steps.BaseStepListener - stepStarted: net.thucydides.core.steps.ExecutedStepDescription@5d4b02f0
[Test worker] WARN net.thucydides.core.steps.BaseStepListener - stepFinished: current outcome:User register:Example: {name=kim, last=garces, address=cra4D#96-12, email=kim@mail, phone=1234567891, languages=Bulgarian, country=Colombia, year=1994, mont=December, day=5, password=1234, password_confim=1234, str_respuestafinal=- Double Click on Edit Icon to EDIT the Table Row.} [Given The user wants to register a new user on the platform [Kim open up [Kim opens the Page initial], Kim open register [Kim clicks on Button register new]], When FThe user enters the registration data
| name | last | address | email | phone | languages | country | year | mont | day | password | password_confim |
| kim | garces | cra4D#96-12 | kim@mail | 1234567891 | Bulgarian | Colombia | 1994 | December | 5 | 1234 | 1234 | [Kim registration date [Kim enters 'kim' into name user, Kim enters 'garces' into name user, Kim enters 'cra4D#96-12' into name user, Kim enters 'kim@mail' into name user, Kim enters '1234567891' into name user, Kim clicks on name user, Kim clicks on name user, Kim clicks on name user, Kim clicks on name user, Kim clicks on name user, Kim clicks on name user, Kim clicks on name user, Kim clicks on name user]]]
[Test worker] WARN net.thucydides.core.steps.BaseStepListener - stepStarted: net.thucydides.core.steps.ExecutedStepDescription@331ed056
[Test worker] WARN net.thucydides.core.steps.BaseStepListener - stepFinished: current outcome:User register:Example: {name=kim, last=garces, address=cra4D#96-12, email=kim@mail, phone=1234567891, languages=Bulgarian, country=Colombia, year=1994, mont=December, day=5, password=1234, password_confim=1234, str_respuestafinal=- Double Click on Edit Icon to EDIT the Table Row.} [Given The user wants to register a new user on the platform [Kim open up [Kim opens the Page initial], Kim open register [Kim clicks on Button register new]], When FThe user enters the registration data
| name | last | address | email | phone | languages | country | year | mont | day | password | password_confim |
| kim | garces | cra4D#96-12 | kim@mail | 1234567891 | Bulgarian | Colombia | 1994 | December | 5 | 1234 | 1234 | [Kim registration date [Kim enters 'kim' into name user, Kim enters 'garces' into name user, Kim enters 'cra4D#96-12' into name user, Kim enters 'kim@mail' into name user, Kim enters '1234567891' into name user, Kim clicks on name user, Kim clicks on name user, Kim clicks on name user, Kim clicks on name user, Kim clicks on name user, Kim clicks on name user, Kim clicks on name user, Kim clicks on name user, Kim clicks on name user]]]
[Test worker] WARN net.thucydides.core.steps.BaseStepListener - stepStarted: net.thucydides.core.steps.ExecutedStepDescription@7223d14
[Test worker] WARN net.thucydides.core.steps.BaseStepListener - stepFinished: current outcome:User register:Example: {name=kim, last=garces, address=cra4D#96-12, email=kim@mail, phone=1234567891, languages=Bulgarian, country=Colombia, year=1994, mont=December, day=5, password=1234, password_confim=1234, str_respuestafinal=- Double Click on Edit Icon to EDIT the Table Row.} [Given The user wants to register a new user on the platform [Kim open up [Kim opens the Page initial], Kim open register [Kim clicks on Button register new]], When FThe user enters the registration data
| name | last | address | email | phone | languages | country | year | mont | day | password | password_confim |
| kim | garces | cra4D#96-12 | kim@mail | 1234567891 | Bulgarian | Colombia | 1994 | December | 5 | 1234 | 1234 | [Kim registration date [Kim enters 'kim' into name user, Kim enters 'garces' into name user, Kim enters 'cra4D#96-12' into name user, Kim enters 'kim@mail' into name user, Kim enters '1234567891' into name user, Kim clicks on name user, Kim clicks on name user, Kim clicks on name user, Kim clicks on name user, Kim clicks on name user, Kim clicks on name user, Kim clicks on name user, Kim clicks on name user, Kim clicks on name user, Kim clicks on name user]]]
[Test worker] WARN net.thucydides.core.steps.BaseStepListener - stepStarted: net.thucydides.core.steps.ExecutedStepDescription@3603d4c0
[Test worker] WARN net.thucydides.core.steps.BaseStepListener - stepFinished: current outcome:User register:Example: {name=kim, last=garces, address=cra4D#96-12, email=kim@mail, phone=1234567891, languages=Bulgarian, country=Colombia, year=1994, mont=December, day=5, password=1234, password_confim=1234, str_respuestafinal=- Double Click on Edit Icon to EDIT the Table Row.} [Given The user wants to register a new user on the platform [Kim open up [Kim opens the Page initial], Kim open register [Kim clicks on Button register new]], When FThe user enters the registration data
| name | last | address | email | phone | languages | country | year | mont | day | password | password_confim |
| kim | garces | cra4D#96-12 | kim@mail | 1234567891 | Bulgarian | Colombia | 1994 | December | 5 | 1234 | 1234 | [Kim registration date [Kim enters 'kim' into name user, Kim enters 'garces' into name user, Kim enters 'cra4D#96-12' into name user, Kim enters 'kim@mail' into name user, Kim enters '1234567891' into name user, Kim clicks on name user, Kim clicks on name user, Kim clicks on name user, Kim clicks on name user, Kim clicks on name user, Kim clicks on name user, Kim clicks on name user, Kim clicks on name user, Kim clicks on name user, Kim clicks on name user, Kim clicks on name user]]]
[Test worker] WARN net.thucydides.core.steps.BaseStepListener - stepStarted: net.thucydides.core.steps.ExecutedStepDescription@58a3583d
[Test worker] WARN net.thucydides.core.steps.BaseStepListener - stepFinished: current outcome:User register:Example: {name=kim, last=garces, address=cra4D#96-12, email=kim@mail, phone=1234567891, languages=Bulgarian, country=Colombia, year=1994, mont=December, day=5, password=1234, password_confim=1234, str_respuestafinal=- Double Click on Edit Icon to EDIT the Table Row.} [Given The user wants to register a new user on the platform [Kim open up [Kim opens the Page initial], Kim open register [Kim clicks on Button register new]], When FThe user enters the registration data
| name | last | address | email | phone | languages | country | year | mont | day | password | password_confim |
| kim | garces | cra4D#96-12 | kim@mail | 1234567891 | Bulgarian | Colombia | 1994 | December | 5 | 1234 | 1234 | [Kim registration date [Kim enters 'kim' into name user, Kim enters 'garces' into name user, Kim enters 'cra4D#96-12' into name user, Kim enters 'kim@mail' into name user, Kim enters '1234567891' into name user, Kim clicks on name user, Kim clicks on name user, Kim clicks on name user, Kim clicks on name user, Kim clicks on name user, Kim clicks on name user, Kim clicks on name user, Kim clicks on name user, Kim clicks on name user, Kim clicks on name user, Kim clicks on name user, Kim enters '1234' into name user]]]
[Test worker] WARN net.thucydides.core.steps.BaseStepListener - stepStarted: net.thucydides.core.steps.ExecutedStepDescription@7cc1ccb2
[Test worker] WARN net.thucydides.core.steps.BaseStepListener - stepFinished: current outcome:User register:Example: {name=kim, last=garces, address=cra4D#96-12, email=kim@mail, phone=1234567891, languages=Bulgarian, country=Colombia, year=1994, mont=December, day=5, password=1234, password_confim=1234, str_respuestafinal=- Double Click on Edit Icon to EDIT the Table Row.} [Given The user wants to register a new user on the platform [Kim open up [Kim opens the Page initial], Kim open register [Kim clicks on Button register new]], When FThe user enters the registration data
| name | last | address | email | phone | languages | country | year | mont | day | password | password_confim |
| kim | garces | cra4D#96-12 | kim@mail | 1234567891 | Bulgarian | Colombia | 1994 | December | 5 | 1234 | 1234 | [Kim registration date [Kim enters 'kim' into name user, Kim enters 'garces' into name user, Kim enters 'cra4D#96-12' into name user, Kim enters 'kim@mail' into name user, Kim enters '1234567891' into name user, Kim clicks on name user, Kim clicks on name user, Kim clicks on name user, Kim clicks on name user, Kim clicks on name user, Kim clicks on name user, Kim clicks on name user, Kim clicks on name user, Kim clicks on name user, Kim clicks on name user, Kim clicks on name user, Kim enters '1234' into name user, Kim enters '1234' into name user]]]
[Test worker] WARN net.thucydides.core.steps.BaseStepListener - stepStarted: net.thucydides.core.steps.ExecutedStepDescription@73e0ac90
[Test worker] WARN net.thucydides.core.steps.BaseStepListener - stepFinished: current outcome:User register:Example: {name=kim, last=garces, address=cra4D#96-12, email=kim@mail, phone=1234567891, languages=Bulgarian, country=Colombia, year=1994, mont=December, day=5, password=1234, password_confim=1234, str_respuestafinal=- Double Click on Edit Icon to EDIT the Table Row.} [Given The user wants to register a new user on the platform [Kim open up [Kim opens the Page initial], Kim open register [Kim clicks on Button register new]], When FThe user enters the registration data
| name | last | address | email | phone | languages | country | year | mont | day | password | password_confim |
| kim | garces | cra4D#96-12 | kim@mail | 1234567891 | Bulgarian | Colombia | 1994 | December | 5 | 1234 | 1234 | [Kim registration date [Kim enters 'kim' into name user, Kim enters 'garces' into name user, Kim enters 'cra4D#96-12' into name user, Kim enters 'kim@mail' into name user, Kim enters '1234567891' into name user, Kim clicks on name user, Kim clicks on name user, Kim clicks on name user, Kim clicks on name user, Kim clicks on name user, Kim clicks on name user, Kim clicks on name user, Kim clicks on name user, Kim clicks on name user, Kim clicks on name user, Kim clicks on name user, Kim enters '1234' into name user, Kim enters '1234' into name user, Kim clicks on name user]]]
[Test worker] WARN net.thucydides.core.steps.BaseStepListener - stepStarted: net.thucydides.core.steps.ExecutedStepDescription@79add12f
[Test worker] WARN net.thucydides.core.steps.BaseStepListener - stepFinished: current outcome:User register:Example: {name=kim, last=garces, address=cra4D#96-12, email=kim@mail, phone=1234567891, languages=Bulgarian, country=Colombia, year=1994, mont=December, day=5, password=1234, password_confim=1234, str_respuestafinal=- Double Click on Edit Icon to EDIT the Table Row.} [Given The user wants to register a new user on the platform [Kim open up [Kim opens the Page initial], Kim open register [Kim clicks on Button register new]], When FThe user enters the registration data
| name | last | address | email | phone | languages | country | year | mont | day | password | password_confim |
| kim | garces | cra4D#96-12 | kim@mail | 1234567891 | Bulgarian | Colombia | 1994 | December | 5 | 1234 | 1234 | [Kim registration date [Kim enters 'kim' into name user, Kim enters 'garces' into name user, Kim enters 'cra4D#96-12' into name user, Kim enters 'kim@mail' into name user, Kim enters '1234567891' into name user, Kim clicks on name user, Kim clicks on name user, Kim clicks on name user, Kim clicks on name user, Kim clicks on name user, Kim clicks on name user, Kim clicks on name user, Kim clicks on name user, Kim clicks on name user, Kim clicks on name user, Kim clicks on name user, Kim enters '1234' into name user, Kim enters '1234' into name user, Kim clicks on name user, Kim clicks on name user]]]
[Test worker] WARN net.thucydides.core.steps.BaseStepListener - stepFinished: current outcome:User register:Example: {name=kim, last=garces, address=cra4D#96-12, email=kim@mail, phone=1234567891, languages=Bulgarian, country=Colombia, year=1994, mont=December, day=5, password=1234, password_confim=1234, str_respuestafinal=- Double Click on Edit Icon to EDIT the Table Row.} [Given The user wants to register a new user on the platform [Kim open up [Kim opens the Page initial], Kim open register [Kim clicks on Button register new]], When FThe user enters the registration data
| name | last | address | email | phone | languages | country | year | mont | day | password | password_confim |
| kim | garces | cra4D#96-12 | kim@mail | 1234567891 | Bulgarian | Colombia | 1994 | December | 5 | 1234 | 1234 | [Kim registration date [Kim enters 'kim' into name user, Kim enters 'garces' into name user, Kim enters 'cra4D#96-12' into name user, Kim enters 'kim@mail' into name user, Kim enters '1234567891' into name user, Kim clicks on name user, Kim clicks on name user, Kim clicks on name user, Kim clicks on name user, Kim clicks on name user, Kim clicks on name user, Kim clicks on name user, Kim clicks on name user, Kim clicks on name user, Kim clicks on name user, Kim clicks on name user, Kim enters '1234' into name user, Kim enters '1234' into name user, Kim clicks on name user, Kim clicks on name user]]]
[Test worker] WARN net.thucydides.core.steps.BaseStepListener - stepFinished: current outcome:User register:Example: {name=kim, last=garces, address=cra4D#96-12, email=kim@mail, phone=1234567891, languages=Bulgarian, country=Colombia, year=1994, mont=December, day=5, password=1234, password_confim=1234, str_respuestafinal=- Double Click on Edit Icon to EDIT the Table Row.} [Given The user wants to register a new user on the platform [Kim open up [Kim opens the Page initial], Kim open register [Kim clicks on Button register new]], When FThe user enters the registration data
| name | last | address | email | phone | languages | country | year | mont | day | password | password_confim |
| kim | garces | cra4D#96-12 | kim@mail | 1234567891 | Bulgarian | Colombia | 1994 | December | 5 | 1234 | 1234 | [Kim registration date [Kim enters 'kim' into name user, Kim enters 'garces' into name user, Kim enters 'cra4D#96-12' into name user, Kim enters 'kim@mail' into name user, Kim enters '1234567891' into name user, Kim clicks on name user, Kim clicks on name user, Kim clicks on name user, Kim clicks on name user, Kim clicks on name user, Kim clicks on name user, Kim clicks on name user, Kim clicks on name user, Kim clicks on name user, Kim clicks on name user, Kim clicks on name user, Kim enters '1234' into name user, Kim enters '1234' into name user, Kim clicks on name user, Kim clicks on name user]]]
[Test worker] WARN net.thucydides.core.steps.BaseStepListener - stepStarted: net.thucydides.core.steps.ExecutedStepDescription@70796f87
[Test worker] WARN net.thucydides.core.steps.BaseStepListener - stepStarted: net.thucydides.core.steps.ExecutedStepDescription@6909beeb
[1649025919.766][WARNING]: screenshot failed, retrying disconnected: received Inspector.detached event
[Test worker] WARN net.thucydides.core.webdriver.WebDriverFacade - Failed to take screenshot (Unexpected result for screenshot command: null)
[Test worker] WARN net.thucydides.core.steps.BaseStepListener - testFinished: User register:Example: {name=kim, last=garces, address=cra4D#96-12, email=kim@mail, phone=1234567891, languages=Bulgarian, country=Colombia, year=1994, mont=December, day=5, password=1234, password_confim=1234, str_respuestafinal=- Double Click on Edit Icon to EDIT the Table Row.} [Given The user wants to register a new user on the platform [Kim open up [Kim opens the Page initial], Kim open register [Kim clicks on Button register new]], When FThe user enters the registration data
| name | last | address | email | phone | languages | country | year | mont | day | password | password_confim |
| kim | garces | cra4D#96-12 | kim@mail | 1234567891 | Bulgarian | Colombia | 1994 | December | 5 | 1234 | 1234 | [Kim registration date [Kim enters 'kim' into name user, Kim enters 'garces' into name user, Kim enters 'cra4D#96-12' into name user, Kim enters 'kim@mail' into name user, Kim enters '1234567891' into name user, Kim clicks on name user, Kim clicks on name user, Kim clicks on name user, Kim clicks on name user, Kim clicks on name user, Kim clicks on name user, Kim clicks on name user, Kim clicks on name user, Kim clicks on name user, Kim clicks on name user, Kim clicks on name user, Kim enters '1234' into name user, Kim enters '1234' into name user, Kim clicks on name user, Kim clicks on name user]], Then End user registration
| str_respuestafinal |
| - Double Click on Edit Icon to EDIT the Table Row. | [Then answer]]
[Test worker] WARN net.thucydides.core.steps.BaseStepListener - TestOutcomes: [User register:Example: {name=kim, last=garces, address=cra4D#96-12, email=kim@mail, phone=1234567891, languages=Bulgarian, country=Colombia, year=1994, mont=December, day=5, password=1234, password_confim=1234, str_respuestafinal=- Double Click on Edit Icon to EDIT the Table Row.} [Given The user wants to register a new user on the platform [Kim open up [Kim opens the Page initial], Kim open register [Kim clicks on Button register new]], When FThe user enters the registration data
| name | last | address | email | phone | languages | country | year | mont | day | password | password_confim |
| kim | garces | cra4D#96-12 | kim@mail | 1234567891 | Bulgarian | Colombia | 1994 | December | 5 | 1234 | 1234 | [Kim registration date [Kim enters 'kim' into name user, Kim enters 'garces' into name user, Kim enters 'cra4D#96-12' into name user, Kim enters 'kim@mail' into name user, Kim enters '1234567891' into name user, Kim clicks on name user, Kim clicks on name user, Kim clicks on name user, Kim clicks on name user, Kim clicks on name user, Kim clicks on name user, Kim clicks on name user, Kim clicks on name user, Kim clicks on name user, Kim clicks on name user, Kim clicks on name user, Kim enters '1234' into name user, Kim enters '1234' into name user, Kim clicks on name user, Kim clicks on name user]], Then End user registration
| str_respuestafinal |
| - Double Click on Edit Icon to EDIT the Table Row. | [Then answer]]]
[Test worker] WARN net.thucydides.core.steps.BaseStepListener - Final testOutcomes: [User register:Example: {name=kim, last=garces, address=cra4D#96-12, email=kim@mail, phone=1234567891, languages=Bulgarian, country=Colombia, year=1994, mont=December, day=5, password=1234, password_confim=1234, str_respuestafinal=- Double Click on Edit Icon to EDIT the Table Row.} [Given The user wants to register a new user on the platform [Kim open up [Kim opens the Page initial], Kim open register [Kim clicks on Button register new]], When FThe user enters the registration data
| name | last | address | email | phone | languages | country | year | mont | day | password | password_confim |
| kim | garces | cra4D#96-12 | kim@mail | 1234567891 | Bulgarian | Colombia | 1994 | December | 5 | 1234 | 1234 | [Kim registration date [Kim enters 'kim' into name user, Kim enters 'garces' into name user, Kim enters 'cra4D#96-12' into name user, Kim enters 'kim@mail' into name user, Kim enters '1234567891' into name user, Kim clicks on name user, Kim clicks on name user, Kim clicks on name user, Kim clicks on name user, Kim clicks on name user, Kim clicks on name user, Kim clicks on name user, Kim clicks on name user, Kim clicks on name user, Kim clicks on name user, Kim clicks on name user, Kim enters '1234' into name user, Kim enters '1234' into name user, Kim clicks on name user, Kim clicks on name user]], Then End user registration
| str_respuestafinal |
| - Double Click on Edit Icon to EDIT the Table Row. | [Then answer]]]
[Test worker] ERROR net.thucydides.core.steps.ConsoleLoggingListener - 
           __  _____ _____ ____ _____   _____ _    ___ _     _____ ____  
  _       / / |_   _| ____/ ___|_   _| |  ___/ \  |_ _| |   | ____|  _ \ 
 (_)_____| |    | | |  _| \___ \ | |   | |_ / _ \  | || |   |  _| | | | |
  _|_____| |    | | | |___ ___) || |   |  _/ ___ \ | || |___| |___| |_| |
 (_)     | |    |_| |_____|____/ |_|   |_|/_/   \_\___|_____|_____|____/ 
          \_\                                                            

TEST FAILED WITH ERROR: User register
---------------------------------------------------------------------
[Test worker] ERROR net.thucydides.core.steps.ConsoleLoggingListener - TEST FAILED AT STEP Then answer
[Test worker] ERROR net.thucydides.core.steps.ConsoleLoggingListener - no such element: Unable to locate element: {"method":"xpath","selector":"/html/body/section/div[1]/div/div[2]/h4[1]"}
]]></system-err>
</testsuite>
